Looking in indexes: https://download.pytorch.org/whl/cu118
Collecting torch
  Downloading https://download.pytorch.org/whl/cu118/torch-2.5.1%2Bcu118-cp310-cp310-win_amd64.whl (2700.1 MB)
Collecting torchvision
  Downloading https://download.pytorch.org/whl/cu118/torchvision-0.20.1%2Bcu118-cp310-cp310-win_amd64.whl (5.3 MB)
Collecting torchaudio
  Downloading https://download.pytorch.org/whl/cu118/torchaudio-2.5.1%2Bcu118-cp310-cp310-win_amd64.whl (4.0 MB)
Collecting fsspec
  Downloading https://download.pytorch.org/whl/fsspec-2024.2.0-py3-none-any.whl (170 kB)
Collecting sympy==1.13.1
  Downloading https://download.pytorch.org/whl/sympy-1.13.1-py3-none-any.whl (6.2 MB)
Collecting jinja2
  Downloading https://download.pytorch.org/whl/Jinja2-3.1.3-py3-none-any.whl (133 kB)
Collecting typing-extensions>=4.8.0
  Downloading https://download.pytorch.org/whl/typing_extensions-4.9.0-py3-none-any.whl (32 kB)
Collecting filelock
  Downloading https://download.pytorch.org/whl/filelock-3.13.1-py3-none-any.whl (11 kB)
Collecting networkx
  Downloading https://download.pytorch.org/whl/networkx-3.2.1-py3-none-any.whl (1.6 MB)
Collecting mpmath<1.4,>=1.1.0
  Downloading https://download.pytorch.org/whl/mpmath-1.3.0-py3-none-any.whl (536 kB)
Collecting numpy
  Downloading https://download.pytorch.org/whl/numpy-1.26.3-cp310-cp310-win_amd64.whl (15.8 MB)
Collecting pillow!=8.3.*,>=5.3.0
  Downloading https://download.pytorch.org/whl/pillow-10.2.0-cp310-cp310-win_amd64.whl (2.6 MB)
Collecting MarkupSafe>=2.0
  Downloading https://download.pytorch.org/whl/MarkupSafe-2.1.5-cp310-cp310-win_amd64.whl (17 kB)
Installing collected packages: mpmath, MarkupSafe, typing-extensions, sympy, networkx, jinja2, fsspec, filelock, torch, pillow, numpy, torchvision, torchaudio
Successfully installed MarkupSafe-2.1.5 filelock-3.13.1 fsspec-2024.2.0 jinja2-3.1.3 mpmath-1.3.0 networkx-3.2.1 numpy-1.26.3 pillow-10.2.0 sympy-1.13.1 torch-2.5.1+cu118 torchaudio-2.5.1+cu118 torchvision-0.20.1+cu118 typing-extensions-4.9.0
